<?xml version="1.0" encoding="UTF-8"?>
<testsuite name="Tests" tests="1" skipped="0" failures="0" errors="0" timestamp="2021-03-19T22:08:59" hostname="guy-4600h-fedora" time="0.143">
  <properties/>
  <testcase name="start" classname="Tests" time="0.143"/>
  <system-out><![CDATA[?[1;31m
Start test 1?[0m
Hello! My name is Aid.
I was created in 2018.
Please, remind me your name.
> Marry
What a great name you have, Marry!
Let me guess your age.
Enter remainders of dividing your age by 3, 5 and 7.
> 1
> 0
> 5
Your age is 40; that's a good time to start programming!
Now I will prove to you that I can count to any number you want.
> 10
0!
1!
2!
3!
4!
5!
6!
7!
8!
9!
10!
Let's test your programming knowledge.
Which is correct?
1. system.OUT.printline()
2. System.Out.PrintLn()
3. System.out.println()
4. System.out.printLn()
> 1
Incorrect. Please try again.
> 2
Incorrect. Please try again.
> 3
Congratulations, have a nice day!
]]></system-out>
  <system-err><![CDATA[]]></system-err>
</testsuite>
